# JRE version: OpenJDK Runtime Environment Temurin-23.0.1+11 (23.0.1+11) (build 23.0.1+11)
# Java VM: OpenJDK 64-Bit Server VM Temurin-23.0.1+11 (23.0.1+11, mixed mode, sharing, tiered, compressed oops, compressed class ptrs, parallel gc, windows-amd64)
GC Precious Log:
 CardTable entry size: 512
 CPUs: 8 total, 8 available
 Memory: 7930M
 Large Page Support: Disabled
 NUMA Support: Disabled
 Compressed Oops: Enabled (32-bit)
 Alignments: Space 512K, Generation 512K, Heap 2M
 Heap Min Capacity: 100M
 Heap Initial Capacity: 100M
 Heap Max Capacity: 1G
 Pre-touch: Disabled
 Parallel Workers: 8
Heap:
 PSYoungGen      total 31744K, used 22365K [0x00000000eab00000, 0x00000000ecc00000, 0x0000000100000000)
  eden space 29696K, 71% used [0x00000000eab00000,0x00000000ebfcb720,0x00000000ec800000)
  from space 2048K, 52% used [0x00000000eca00000,0x00000000ecb0c050,0x00000000ecc00000)
  to   space 2048K, 0% used [0x00000000ec800000,0x00000000ec800000,0x00000000eca00000)
 ParOldGen       total 453120K, used 453110K [0x00000000c0000000, 0x00000000dba80000, 0x00000000eab00000)
  object space 453120K, 99% used [0x00000000c0000000,0x00000000dba7da70,0x00000000dba80000)
 Metaspace       used 74727K, committed 76160K, reserved 1179648K
  class space    used 8068K, committed 8640K, reserved 1048576K
GC Heap History (20 events):
Event: 29.953 GC heap before
{Heap before GC invocations=98 (full 3):
 PSYoungGen      total 24064K, used 23888K [0x00000000eab00000, 0x00000000ecf80000, 0x0000000100000000)
  eden space 18432K, 100% used [0x00000000eab00000,0x00000000ebd00000,0x00000000ebd00000)
  from space 5632K, 96% used [0x00000000eca00000,0x00000000ecf540c8,0x00000000ecf80000)
  to   space 8192K, 0% used [0x00000000ebf80000,0x00000000ebf80000,0x00000000ec780000)
 ParOldGen       total 443904K, used 443617K [0x00000000c0000000, 0x00000000db180000, 0x00000000eab00000)
  object space 443904K, 99% used [0x00000000c0000000,0x00000000db1384b0,0x00000000db180000)
 Metaspace       used 69739K, committed 71104K, reserved 1114112K
  class space    used 7590K, committed 8128K, reserved 1048576K
}
Event: 29.959 GC heap after
{Heap after GC invocations=98 (full 3):
 PSYoungGen      total 29184K, used 576K [0x00000000eab00000, 0x00000000ecc00000, 0x0000000100000000)
  eden space 20992K, 0% used [0x00000000eab00000,0x00000000eab00000,0x00000000ebf80000)
  from space 8192K, 7% used [0x00000000ebf80000,0x00000000ec010000,0x00000000ec780000)
  to   space 3072K, 0% used [0x00000000ec900000,0x00000000ec900000,0x00000000ecc00000)
 ParOldGen       total 444928K, used 444849K [0x00000000c0000000, 0x00000000db280000, 0x00000000eab00000)
  object space 444928K, 99% used [0x00000000c0000000,0x00000000db26c4c8,0x00000000db280000)
 Metaspace       used 69739K, committed 71104K, reserved 1114112K
  class space    used 7590K, committed 8128K, reserved 1048576K
}
Event: 36.290 GC heap before
{Heap before GC invocations=99 (full 3):
 PSYoungGen      total 29184K, used 21568K [0x00000000eab00000, 0x00000000ecc00000, 0x0000000100000000)
  eden space 20992K, 100% used [0x00000000eab00000,0x00000000ebf80000,0x00000000ebf80000)
  from space 8192K, 7% used [0x00000000ebf80000,0x00000000ec010000,0x00000000ec780000)
  to   space 3072K, 0% used [0x00000000ec900000,0x00000000ec900000,0x00000000ecc00000)
 ParOldGen       total 444928K, used 444849K [0x00000000c0000000, 0x00000000db280000, 0x00000000eab00000)
  object space 444928K, 99% used [0x00000000c0000000,0x00000000db26c4c8,0x00000000db280000)
 Metaspace       used 70129K, committed 71552K, reserved 1114112K
  class space    used 7598K, committed 8192K, reserved 1048576K
}
Event: 36.295 GC heap after
{Heap after GC invocations=99 (full 3):
 PSYoungGen      total 29696K, used 2800K [0x00000000eab00000, 0x00000000ecc00000, 0x0000000100000000)
  eden space 26624K, 0% used [0x00000000eab00000,0x00000000eab00000,0x00000000ec500000)
  from space 3072K, 91% used [0x00000000ec900000,0x00000000ecbbc0b0,0x00000000ecc00000)
  to   space 3584K, 0% used [0x00000000ec500000,0x00000000ec500000,0x00000000ec880000)
 ParOldGen       total 444928K, used 444905K [0x00000000c0000000, 0x00000000db280000, 0x00000000eab00000)
  object space 444928K, 99% used [0x00000000c0000000,0x00000000db27a4c8,0x00000000db280000)
 Metaspace       used 70129K, committed 71552K, reserved 1114112K
  class space    used 7598K, committed 8192K, reserved 1048576K
}
Event: 40.798 GC heap before
{Heap before GC invocations=100 (full 3):
 PSYoungGen      total 29696K, used 29424K [0x00000000eab00000, 0x00000000ecc00000, 0x0000000100000000)
  eden space 26624K, 100% used [0x00000000eab00000,0x00000000ec500000,0x00000000ec500000)
  from space 3072K, 91% used [0x00000000ec900000,0x00000000ecbbc0b0,0x00000000ecc00000)
  to   space 3584K, 0% used [0x00000000ec500000,0x00000000ec500000,0x00000000ec880000)
 ParOldGen       total 444928K, used 444905K [0x00000000c0000000, 0x00000000db280000, 0x00000000eab00000)
  object space 444928K, 99% used [0x00000000c0000000,0x00000000db27a4c8,0x00000000db280000)
 Metaspace       used 70736K, committed 72128K, reserved 1114112K
  class space    used 7655K, committed 8256K, reserved 1048576K
}
Event: 40.802 GC heap after
{Heap after GC invocations=100 (full 3):
 PSYoungGen      total 30208K, used 480K [0x00000000eab00000, 0x00000000ecc00000, 0x0000000100000000)
  eden space 26624K, 0% used [0x00000000eab00000,0x00000000eab00000,0x00000000ec500000)
  from space 3584K, 13% used [0x00000000ec500000,0x00000000ec578000,0x00000000ec880000)
  to   space 1536K, 0% used [0x00000000eca80000,0x00000000eca80000,0x00000000ecc00000)
 ParOldGen       total 445440K, used 445285K [0x00000000c0000000, 0x00000000db300000, 0x00000000eab00000)
  object space 445440K, 99% used [0x00000000c0000000,0x00000000db2d97c0,0x00000000db300000)
 Metaspace       used 70736K, committed 72128K, reserved 1114112K
  class space    used 7655K, committed 8256K, reserved 1048576K
}
Event: 43.183 GC heap before
{Heap before GC invocations=101 (full 3):
 PSYoungGen      total 30208K, used 27104K [0x00000000eab00000, 0x00000000ecc00000, 0x0000000100000000)
  eden space 26624K, 100% used [0x00000000eab00000,0x00000000ec500000,0x00000000ec500000)
  from space 3584K, 13% used [0x00000000ec500000,0x00000000ec578000,0x00000000ec880000)
  to   space 1536K, 0% used [0x00000000eca80000,0x00000000eca80000,0x00000000ecc00000)
 ParOldGen       total 445440K, used 445285K [0x00000000c0000000, 0x00000000db300000, 0x00000000eab00000)
  object space 445440K, 99% used [0x00000000c0000000,0x00000000db2d97c0,0x00000000db300000)
 Metaspace       used 70836K, committed 72192K, reserved 1114112K
  class space    used 7655K, committed 8256K, reserved 1048576K
}
Event: 43.187 GC heap after
{Heap after GC invocations=101 (full 3):
 PSYoungGen      total 30208K, used 1520K [0x00000000eab00000, 0x00000000ecc00000, 0x0000000100000000)
  eden space 28672K, 0% used [0x00000000eab00000,0x00000000eab00000,0x00000000ec700000)
  from space 1536K, 98% used [0x00000000eca80000,0x00000000ecbfc0b0,0x00000000ecc00000)
  to   space 2560K, 0% used [0x00000000ec700000,0x00000000ec700000,0x00000000ec980000)
 ParOldGen       total 446464K, used 445965K [0x00000000c0000000, 0x00000000db400000, 0x00000000eab00000)
  object space 446464K, 99% used [0x00000000c0000000,0x00000000db3837c0,0x00000000db400000)
 Metaspace       used 70836K, committed 72192K, reserved 1114112K
  class space    used 7655K, committed 8256K, reserved 1048576K
}
Event: 56.411 GC heap before
{Heap before GC invocations=102 (full 3):
 PSYoungGen      total 30208K, used 30192K [0x00000000eab00000, 0x00000000ecc00000, 0x0000000100000000)
  eden space 28672K, 100% used [0x00000000eab00000,0x00000000ec700000,0x00000000ec700000)
  from space 1536K, 98% used [0x00000000eca80000,0x00000000ecbfc0b0,0x00000000ecc00000)
  to   space 2560K, 0% used [0x00000000ec700000,0x00000000ec700000,0x00000000ec980000)
 ParOldGen       total 446464K, used 445965K [0x00000000c0000000, 0x00000000db400000, 0x00000000eab00000)
  object space 446464K, 99% used [0x00000000c0000000,0x00000000db3837c0,0x00000000db400000)
 Metaspace       used 70998K, committed 72448K, reserved 1114112K
  class space    used 7656K, committed 8256K, reserved 1048576K
}
Event: 56.412 GC heap after
{Heap after GC invocations=102 (full 3):
 PSYoungGen      total 31232K, used 448K [0x00000000eab00000, 0x00000000ecc00000, 0x0000000100000000)
  eden space 28672K, 0% used [0x00000000eab00000,0x00000000eab00000,0x00000000ec700000)
  from space 2560K, 17% used [0x00000000ec700000,0x00000000ec770000,0x00000000ec980000)
  to   space 1536K, 0% used [0x00000000eca80000,0x00000000eca80000,0x00000000ecc00000)
 ParOldGen       total 446464K, used 446021K [0x00000000c0000000, 0x00000000db400000, 0x00000000eab00000)
  object space 446464K, 99% used [0x00000000c0000000,0x00000000db3917c0,0x00000000db400000)
 Metaspace       used 70998K, committed 72448K, reserved 1114112K
  class space    used 7656K, committed 8256K, reserved 1048576K
}
Event: 85.526 GC heap before
{Heap before GC invocations=103 (full 3):
 PSYoungGen      total 31232K, used 29120K [0x00000000eab00000, 0x00000000ecc00000, 0x0000000100000000)
  eden space 28672K, 100% used [0x00000000eab00000,0x00000000ec700000,0x00000000ec700000)
  from space 2560K, 17% used [0x00000000ec700000,0x00000000ec770000,0x00000000ec980000)
  to   space 1536K, 0% used [0x00000000eca80000,0x00000000eca80000,0x00000000ecc00000)
 ParOldGen       total 446464K, used 446021K [0x00000000c0000000, 0x00000000db400000, 0x00000000eab00000)
  object space 446464K, 99% used [0x00000000c0000000,0x00000000db3917c0,0x00000000db400000)
 Metaspace       used 71821K, committed 73216K, reserved 1114112K
  class space    used 7778K, committed 8384K, reserved 1048576K
}
Event: 85.532 GC heap after
{Heap after GC invocations=103 (full 3):
 PSYoungGen      total 29184K, used 1519K [0x00000000eab00000, 0x00000000ecf80000, 0x0000000100000000)
  eden space 27648K, 0% used [0x00000000eab00000,0x00000000eab00000,0x00000000ec600000)
  from space 1536K, 98% used [0x00000000eca80000,0x00000000ecbfbcf8,0x00000000ecc00000)
  to   space 4608K, 0% used [0x00000000ec600000,0x00000000ec600000,0x00000000eca80000)
 ParOldGen       total 448512K, used 448261K [0x00000000c0000000, 0x00000000db600000, 0x00000000eab00000)
  object space 448512K, 99% used [0x00000000c0000000,0x00000000db5c17c0,0x00000000db600000)
 Metaspace       used 71821K, committed 73216K, reserved 1114112K
  class space    used 7778K, committed 8384K, reserved 1048576K
}
Event: 86.210 GC heap before
{Heap before GC invocations=104 (full 3):
 PSYoungGen      total 29184K, used 29167K [0x00000000eab00000, 0x00000000ecf80000, 0x0000000100000000)
  eden space 27648K, 100% used [0x00000000eab00000,0x00000000ec600000,0x00000000ec600000)
  from space 1536K, 98% used [0x00000000eca80000,0x00000000ecbfbcf8,0x00000000ecc00000)
  to   space 4608K, 0% used [0x00000000ec600000,0x00000000ec600000,0x00000000eca80000)
 ParOldGen       total 448512K, used 448261K [0x00000000c0000000, 0x00000000db600000, 0x00000000eab00000)
  object space 448512K, 99% used [0x00000000c0000000,0x00000000db5c17c0,0x00000000db600000)
 Metaspace       used 72973K, committed 74304K, reserved 1179648K
  class space    used 7943K, committed 8512K, reserved 1048576K
}
Event: 86.216 GC heap after
{Heap after GC invocations=104 (full 3):
 PSYoungGen      total 31744K, used 4576K [0x00000000eab00000, 0x00000000ed280000, 0x0000000100000000)
  eden space 27136K, 0% used [0x00000000eab00000,0x00000000eab00000,0x00000000ec580000)
  from space 4608K, 99% used [0x00000000ec600000,0x00000000eca780e0,0x00000000eca80000)
  to   space 6656K, 0% used [0x00000000ecc00000,0x00000000ecc00000,0x00000000ed280000)
 ParOldGen       total 449536K, used 449517K [0x00000000c0000000, 0x00000000db700000, 0x00000000eab00000)
  object space 449536K, 99% used [0x00000000c0000000,0x00000000db6fb5a0,0x00000000db700000)
 Metaspace       used 72973K, committed 74304K, reserved 1179648K
  class space    used 7943K, committed 8512K, reserved 1048576K
}
Event: 86.999 GC heap before
{Heap before GC invocations=105 (full 3):
 PSYoungGen      total 31744K, used 31712K [0x00000000eab00000, 0x00000000ed280000, 0x0000000100000000)
  eden space 27136K, 100% used [0x00000000eab00000,0x00000000ec580000,0x00000000ec580000)
  from space 4608K, 99% used [0x00000000ec600000,0x00000000eca780e0,0x00000000eca80000)
  to   space 6656K, 0% used [0x00000000ecc00000,0x00000000ecc00000,0x00000000ed280000)
 ParOldGen       total 449536K, used 449517K [0x00000000c0000000, 0x00000000db700000, 0x00000000eab00000)
  object space 449536K, 99% used [0x00000000c0000000,0x00000000db6fb5a0,0x00000000db700000)
 Metaspace       used 73211K, committed 74624K, reserved 1179648K
  class space    used 7948K, committed 8512K, reserved 1048576K
}
Event: 87.002 GC heap after
{Heap after GC invocations=105 (full 3):
 PSYoungGen      total 30720K, used 1760K [0x00000000eab00000, 0x00000000ece00000, 0x0000000100000000)
  eden space 28672K, 0% used [0x00000000eab00000,0x00000000eab00000,0x00000000ec700000)
  from space 2048K, 85% used [0x00000000ecc00000,0x00000000ecdb8020,0x00000000ece00000)
  to   space 3584K, 0% used [0x00000000ec700000,0x00000000ec700000,0x00000000eca80000)
 ParOldGen       total 450560K, used 450341K [0x00000000c0000000, 0x00000000db800000, 0x00000000eab00000)
  object space 450560K, 99% used [0x00000000c0000000,0x00000000db7c9580,0x00000000db800000)
 Metaspace       used 73211K, committed 74624K, reserved 1179648K
  class space    used 7948K, committed 8512K, reserved 1048576K
}
Event: 88.180 GC heap before
{Heap before GC invocations=106 (full 3):
 PSYoungGen      total 30720K, used 30432K [0x00000000eab00000, 0x00000000ece00000, 0x0000000100000000)
  eden space 28672K, 100% used [0x00000000eab00000,0x00000000ec700000,0x00000000ec700000)
  from space 2048K, 85% used [0x00000000ecc00000,0x00000000ecdb8020,0x00000000ece00000)
  to   space 3584K, 0% used [0x00000000ec700000,0x00000000ec700000,0x00000000eca80000)
 ParOldGen       total 450560K, used 450341K [0x00000000c0000000, 0x00000000db800000, 0x00000000eab00000)
  object space 450560K, 99% used [0x00000000c0000000,0x00000000db7c9580,0x00000000db800000)
 Metaspace       used 73779K, committed 75136K, reserved 1179648K
  class space    used 7980K, committed 8576K, reserved 1048576K
}
Event: 88.184 GC heap after
{Heap after GC invocations=106 (full 3):
 PSYoungGen      total 31232K, used 2965K [0x00000000eab00000, 0x00000000ecd80000, 0x0000000100000000)
  eden space 28160K, 0% used [0x00000000eab00000,0x00000000eab00000,0x00000000ec680000)
  from space 3072K, 96% used [0x00000000ec700000,0x00000000ec9e57c0,0x00000000eca00000)
  to   space 3584K, 0% used [0x00000000eca00000,0x00000000eca00000,0x00000000ecd80000)
 ParOldGen       total 451584K, used 451185K [0x00000000c0000000, 0x00000000db900000, 0x00000000eab00000)
  object space 451584K, 99% used [0x00000000c0000000,0x00000000db89c720,0x00000000db900000)
 Metaspace       used 73779K, committed 75136K, reserved 1179648K
  class space    used 7980K, committed 8576K, reserved 1048576K
}
Event: 89.547 GC heap before
{Heap before GC invocations=107 (full 3):
 PSYoungGen      total 31232K, used 31124K [0x00000000eab00000, 0x00000000ecd80000, 0x0000000100000000)
  eden space 28160K, 99% used [0x00000000eab00000,0x00000000ec67fba8,0x00000000ec680000)
  from space 3072K, 96% used [0x00000000ec700000,0x00000000ec9e57c0,0x00000000eca00000)
  to   space 3584K, 0% used [0x00000000eca00000,0x00000000eca00000,0x00000000ecd80000)
 ParOldGen       total 451584K, used 451185K [0x00000000c0000000, 0x00000000db900000, 0x00000000eab00000)
  object space 451584K, 99% used [0x00000000c0000000,0x00000000db89c720,0x00000000db900000)
 Metaspace       used 74002K, committed 75328K, reserved 1179648K
  class space    used 8006K, committed 8576K, reserved 1048576K
}
Event: 89.556 GC heap after
{Heap after GC invocations=107 (full 3):
 PSYoungGen      total 31744K, used 1072K [0x00000000eab00000, 0x00000000ecc00000, 0x0000000100000000)
  eden space 29696K, 0% used [0x00000000eab00000,0x00000000eab00000,0x00000000ec800000)
  from space 2048K, 52% used [0x00000000eca00000,0x00000000ecb0c050,0x00000000ecc00000)
  to   space 2048K, 0% used [0x00000000ec800000,0x00000000ec800000,0x00000000eca00000)
 ParOldGen       total 453120K, used 453110K [0x00000000c0000000, 0x00000000dba80000, 0x00000000eab00000)
  object space 453120K, 99% used [0x00000000c0000000,0x00000000dba7da70,0x00000000dba80000)
 Metaspace       used 74002K, committed 75328K, reserved 1179648K
  class space    used 8006K, committed 8576K, reserved 1048576K
}

