# JRE version: OpenJDK Runtime Environment Temurin-23.0.1+11 (23.0.1+11) (build 23.0.1+11)
# Java VM: OpenJDK 64-Bit Server VM Temurin-23.0.1+11 (23.0.1+11, mixed mode, sharing, tiered, compressed oops, compressed class ptrs, parallel gc, windows-amd64)
GC Precious Log:
 CardTable entry size: 512
 CPUs: 8 total, 8 available
 Memory: 7930M
 Large Page Support: Disabled
 NUMA Support: Disabled
 Compressed Oops: Enabled (32-bit)
 Alignments: Space 512K, Generation 512K, Heap 2M
 Heap Min Capacity: 100M
 Heap Initial Capacity: 100M
 Heap Max Capacity: 1G
 Pre-touch: Disabled
 Parallel Workers: 8
Heap:
 PSYoungGen      total 28160K, used 14198K [0x00000000eab00000, 0x00000000ed300000, 0x0000000100000000)
  eden space 24576K, 43% used [0x00000000eab00000,0x00000000eb55fb40,0x00000000ec300000)
  from space 3584K, 99% used [0x00000000ec380000,0x00000000ec6fe010,0x00000000ec700000)
  to   space 8192K, 0% used [0x00000000ecb00000,0x00000000ecb00000,0x00000000ed300000)
 ParOldGen       total 624640K, used 624507K [0x00000000c0000000, 0x00000000e6200000, 0x00000000eab00000)
  object space 624640K, 99% used [0x00000000c0000000,0x00000000e61def10,0x00000000e6200000)
 Metaspace       used 71730K, committed 73344K, reserved 1114112K
  class space    used 7634K, committed 8320K, reserved 1048576K
GC Heap History (20 events):
Event: 76.657 GC heap before
{Heap before GC invocations=303 (full 6):
 PSYoungGen      total 30208K, used 30192K [0x00000000eab00000, 0x00000000ed580000, 0x0000000100000000)
  eden space 26112K, 100% used [0x00000000eab00000,0x00000000ec480000,0x00000000ec480000)
  from space 4096K, 99% used [0x00000000ec700000,0x00000000ecafc018,0x00000000ecb00000)
  to   space 8704K, 0% used [0x00000000ecd00000,0x00000000ecd00000,0x00000000ed580000)
 ParOldGen       total 589312K, used 588917K [0x00000000c0000000, 0x00000000e3f80000, 0x00000000eab00000)
  object space 589312K, 99% used [0x00000000c0000000,0x00000000e3f1d670,0x00000000e3f80000)
 Metaspace       used 71314K, committed 72960K, reserved 1114112K
  class space    used 7603K, committed 8320K, reserved 1048576K
}
Event: 76.690 GC heap after
{Heap after GC invocations=303 (full 6):
 PSYoungGen      total 29184K, used 3440K [0x00000000eab00000, 0x00000000ed080000, 0x0000000100000000)
  eden space 25600K, 0% used [0x00000000eab00000,0x00000000eab00000,0x00000000ec400000)
  from space 3584K, 95% used [0x00000000ecd00000,0x00000000ed05c010,0x00000000ed080000)
  to   space 5120K, 0% used [0x00000000ec680000,0x00000000ec680000,0x00000000ecb80000)
 ParOldGen       total 592384K, used 592085K [0x00000000c0000000, 0x00000000e4280000, 0x00000000eab00000)
  object space 592384K, 99% used [0x00000000c0000000,0x00000000e4235678,0x00000000e4280000)
 Metaspace       used 71314K, committed 72960K, reserved 1114112K
  class space    used 7603K, committed 8320K, reserved 1048576K
}
Event: 76.884 GC heap before
{Heap before GC invocations=304 (full 6):
 PSYoungGen      total 29184K, used 29040K [0x00000000eab00000, 0x00000000ed080000, 0x0000000100000000)
  eden space 25600K, 100% used [0x00000000eab00000,0x00000000ec400000,0x00000000ec400000)
  from space 3584K, 95% used [0x00000000ecd00000,0x00000000ed05c010,0x00000000ed080000)
  to   space 5120K, 0% used [0x00000000ec680000,0x00000000ec680000,0x00000000ecb80000)
 ParOldGen       total 592384K, used 592085K [0x00000000c0000000, 0x00000000e4280000, 0x00000000eab00000)
  object space 592384K, 99% used [0x00000000c0000000,0x00000000e4235678,0x00000000e4280000)
 Metaspace       used 71322K, committed 72960K, reserved 1114112K
  class space    used 7603K, committed 8320K, reserved 1048576K
}
Event: 76.891 GC heap after
{Heap after GC invocations=304 (full 6):
 PSYoungGen      total 31744K, used 3244K [0x00000000eab00000, 0x00000000ecd80000, 0x0000000100000000)
  eden space 28160K, 0% used [0x00000000eab00000,0x00000000eab00000,0x00000000ec680000)
  from space 3584K, 90% used [0x00000000ec680000,0x00000000ec9ab010,0x00000000eca00000)
  to   space 3584K, 0% used [0x00000000eca00000,0x00000000eca00000,0x00000000ecd80000)
 ParOldGen       total 595456K, used 595170K [0x00000000c0000000, 0x00000000e4580000, 0x00000000eab00000)
  object space 595456K, 99% used [0x00000000c0000000,0x00000000e4538b08,0x00000000e4580000)
 Metaspace       used 71322K, committed 72960K, reserved 1114112K
  class space    used 7603K, committed 8320K, reserved 1048576K
}
Event: 77.098 GC heap before
{Heap before GC invocations=305 (full 6):
 PSYoungGen      total 31744K, used 31393K [0x00000000eab00000, 0x00000000ecd80000, 0x0000000100000000)
  eden space 28160K, 99% used [0x00000000eab00000,0x00000000ec67d728,0x00000000ec680000)
  from space 3584K, 90% used [0x00000000ec680000,0x00000000ec9ab010,0x00000000eca00000)
  to   space 3584K, 0% used [0x00000000eca00000,0x00000000eca00000,0x00000000ecd80000)
 ParOldGen       total 595456K, used 595170K [0x00000000c0000000, 0x00000000e4580000, 0x00000000eab00000)
  object space 595456K, 99% used [0x00000000c0000000,0x00000000e4538b08,0x00000000e4580000)
 Metaspace       used 71402K, committed 73024K, reserved 1114112K
  class space    used 7612K, committed 8320K, reserved 1048576K
}
Event: 77.106 GC heap after
{Heap after GC invocations=305 (full 6):
 PSYoungGen      total 27136K, used 3580K [0x00000000eab00000, 0x00000000ed600000, 0x0000000100000000)
  eden space 23552K, 0% used [0x00000000eab00000,0x00000000eab00000,0x00000000ec200000)
  from space 3584K, 99% used [0x00000000eca00000,0x00000000ecd7f1c8,0x00000000ecd80000)
  to   space 8192K, 0% used [0x00000000ec200000,0x00000000ec200000,0x00000000eca00000)
 ParOldGen       total 599040K, used 598758K [0x00000000c0000000, 0x00000000e4900000, 0x00000000eab00000)
  object space 599040K, 99% used [0x00000000c0000000,0x00000000e48b9b18,0x00000000e4900000)
 Metaspace       used 71402K, committed 73024K, reserved 1114112K
  class space    used 7612K, committed 8320K, reserved 1048576K
}
Event: 77.227 GC heap before
{Heap before GC invocations=306 (full 6):
 PSYoungGen      total 27136K, used 27132K [0x00000000eab00000, 0x00000000ed600000, 0x0000000100000000)
  eden space 23552K, 100% used [0x00000000eab00000,0x00000000ec200000,0x00000000ec200000)
  from space 3584K, 99% used [0x00000000eca00000,0x00000000ecd7f1c8,0x00000000ecd80000)
  to   space 8192K, 0% used [0x00000000ec200000,0x00000000ec200000,0x00000000eca00000)
 ParOldGen       total 599040K, used 598758K [0x00000000c0000000, 0x00000000e4900000, 0x00000000eab00000)
  object space 599040K, 99% used [0x00000000c0000000,0x00000000e48b9b18,0x00000000e4900000)
 Metaspace       used 71456K, committed 73088K, reserved 1114112K
  class space    used 7616K, committed 8320K, reserved 1048576K
}
Event: 77.236 GC heap after
{Heap after GC invocations=306 (full 6):
 PSYoungGen      total 27648K, used 3872K [0x00000000eab00000, 0x00000000ecc00000, 0x0000000100000000)
  eden space 23552K, 0% used [0x00000000eab00000,0x00000000eab00000,0x00000000ec200000)
  from space 4096K, 94% used [0x00000000ec200000,0x00000000ec5c8000,0x00000000ec600000)
  to   space 5120K, 0% used [0x00000000ec700000,0x00000000ec700000,0x00000000ecc00000)
 ParOldGen       total 602112K, used 602043K [0x00000000c0000000, 0x00000000e4c00000, 0x00000000eab00000)
  object space 602112K, 99% used [0x00000000c0000000,0x00000000e4beed20,0x00000000e4c00000)
 Metaspace       used 71456K, committed 73088K, reserved 1114112K
  class space    used 7616K, committed 8320K, reserved 1048576K
}
Event: 77.367 GC heap before
{Heap before GC invocations=307 (full 6):
 PSYoungGen      total 27648K, used 27424K [0x00000000eab00000, 0x00000000ecc00000, 0x0000000100000000)
  eden space 23552K, 100% used [0x00000000eab00000,0x00000000ec200000,0x00000000ec200000)
  from space 4096K, 94% used [0x00000000ec200000,0x00000000ec5c8000,0x00000000ec600000)
  to   space 5120K, 0% used [0x00000000ec700000,0x00000000ec700000,0x00000000ecc00000)
 ParOldGen       total 602112K, used 602043K [0x00000000c0000000, 0x00000000e4c00000, 0x00000000eab00000)
  object space 602112K, 99% used [0x00000000c0000000,0x00000000e4beed20,0x00000000e4c00000)
 Metaspace       used 71497K, committed 73152K, reserved 1114112K
  class space    used 7616K, committed 8320K, reserved 1048576K
}
Event: 77.374 GC heap after
{Heap after GC invocations=307 (full 6):
 PSYoungGen      total 29184K, used 4192K [0x00000000eab00000, 0x00000000ecc00000, 0x0000000100000000)
  eden space 24064K, 0% used [0x00000000eab00000,0x00000000eab00000,0x00000000ec280000)
  from space 5120K, 81% used [0x00000000ec700000,0x00000000ecb18010,0x00000000ecc00000)
  to   space 4608K, 0% used [0x00000000ec280000,0x00000000ec280000,0x00000000ec700000)
 ParOldGen       total 605696K, used 605640K [0x00000000c0000000, 0x00000000e4f80000, 0x00000000eab00000)
  object space 605696K, 99% used [0x00000000c0000000,0x00000000e4f721a0,0x00000000e4f80000)
 Metaspace       used 71497K, committed 73152K, reserved 1114112K
  class space    used 7616K, committed 8320K, reserved 1048576K
}
Event: 77.433 GC heap before
{Heap before GC invocations=308 (full 6):
 PSYoungGen      total 29184K, used 28256K [0x00000000eab00000, 0x00000000ecc00000, 0x0000000100000000)
  eden space 24064K, 100% used [0x00000000eab00000,0x00000000ec280000,0x00000000ec280000)
  from space 5120K, 81% used [0x00000000ec700000,0x00000000ecb18010,0x00000000ecc00000)
  to   space 4608K, 0% used [0x00000000ec280000,0x00000000ec280000,0x00000000ec700000)
 ParOldGen       total 605696K, used 605640K [0x00000000c0000000, 0x00000000e4f80000, 0x00000000eab00000)
  object space 605696K, 99% used [0x00000000c0000000,0x00000000e4f721a0,0x00000000e4f80000)
 Metaspace       used 71500K, committed 73152K, reserved 1114112K
  class space    used 7616K, committed 8320K, reserved 1048576K
}
Event: 77.442 GC heap after
{Heap after GC invocations=308 (full 6):
 PSYoungGen      total 28672K, used 4512K [0x00000000eab00000, 0x00000000ecc00000, 0x0000000100000000)
  eden space 24064K, 0% used [0x00000000eab00000,0x00000000eab00000,0x00000000ec280000)
  from space 4608K, 97% used [0x00000000ec280000,0x00000000ec6e8010,0x00000000ec700000)
  to   space 4608K, 0% used [0x00000000ec780000,0x00000000ec780000,0x00000000ecc00000)
 ParOldGen       total 609792K, used 609561K [0x00000000c0000000, 0x00000000e5380000, 0x00000000eab00000)
  object space 609792K, 99% used [0x00000000c0000000,0x00000000e53464e8,0x00000000e5380000)
 Metaspace       used 71500K, committed 73152K, reserved 1114112K
  class space    used 7616K, committed 8320K, reserved 1048576K
}
Event: 77.573 GC heap before
{Heap before GC invocations=309 (full 6):
 PSYoungGen      total 28672K, used 28576K [0x00000000eab00000, 0x00000000ecc00000, 0x0000000100000000)
  eden space 24064K, 100% used [0x00000000eab00000,0x00000000ec280000,0x00000000ec280000)
  from space 4608K, 97% used [0x00000000ec280000,0x00000000ec6e8010,0x00000000ec700000)
  to   space 4608K, 0% used [0x00000000ec780000,0x00000000ec780000,0x00000000ecc00000)
 ParOldGen       total 609792K, used 609561K [0x00000000c0000000, 0x00000000e5380000, 0x00000000eab00000)
  object space 609792K, 99% used [0x00000000c0000000,0x00000000e53464e8,0x00000000e5380000)
 Metaspace       used 71637K, committed 73216K, reserved 1114112K
  class space    used 7630K, committed 8320K, reserved 1048576K
}
Event: 77.580 GC heap after
{Heap after GC invocations=309 (full 6):
 PSYoungGen      total 23040K, used 4576K [0x00000000eab00000, 0x00000000ed700000, 0x0000000100000000)
  eden space 18432K, 0% used [0x00000000eab00000,0x00000000eab00000,0x00000000ebd00000)
  from space 4608K, 99% used [0x00000000ec780000,0x00000000ecbf8008,0x00000000ecc00000)
  to   space 10752K, 0% used [0x00000000ebd00000,0x00000000ebd00000,0x00000000ec780000)
 ParOldGen       total 614912K, used 614640K [0x00000000c0000000, 0x00000000e5880000, 0x00000000eab00000)
  object space 614912K, 99% used [0x00000000c0000000,0x00000000e583c2d8,0x00000000e5880000)
 Metaspace       used 71637K, committed 73216K, reserved 1114112K
  class space    used 7630K, committed 8320K, reserved 1048576K
}
Event: 77.642 GC heap before
{Heap before GC invocations=310 (full 6):
 PSYoungGen      total 23040K, used 23008K [0x00000000eab00000, 0x00000000ed700000, 0x0000000100000000)
  eden space 18432K, 100% used [0x00000000eab00000,0x00000000ebd00000,0x00000000ebd00000)
  from space 4608K, 99% used [0x00000000ec780000,0x00000000ecbf8008,0x00000000ecc00000)
  to   space 10752K, 0% used [0x00000000ebd00000,0x00000000ebd00000,0x00000000ec780000)
 ParOldGen       total 614912K, used 614640K [0x00000000c0000000, 0x00000000e5880000, 0x00000000eab00000)
  object space 614912K, 99% used [0x00000000c0000000,0x00000000e583c2d8,0x00000000e5880000)
 Metaspace       used 71650K, committed 73280K, reserved 1114112K
  class space    used 7630K, committed 8320K, reserved 1048576K
}
Event: 77.651 GC heap after
{Heap after GC invocations=310 (full 6):
 PSYoungGen      total 20992K, used 2496K [0x00000000eab00000, 0x00000000ecc00000, 0x0000000100000000)
  eden space 18432K, 0% used [0x00000000eab00000,0x00000000eab00000,0x00000000ebd00000)
  from space 2560K, 97% used [0x00000000ebd00000,0x00000000ebf70000,0x00000000ebf80000)
  to   space 5120K, 0% used [0x00000000ec700000,0x00000000ec700000,0x00000000ecc00000)
 ParOldGen       total 619008K, used 618823K [0x00000000c0000000, 0x00000000e5c80000, 0x00000000eab00000)
  object space 619008K, 99% used [0x00000000c0000000,0x00000000e5c51d08,0x00000000e5c80000)
 Metaspace       used 71650K, committed 73280K, reserved 1114112K
  class space    used 7630K, committed 8320K, reserved 1048576K
}
Event: 77.718 GC heap before
{Heap before GC invocations=311 (full 6):
 PSYoungGen      total 20992K, used 20928K [0x00000000eab00000, 0x00000000ecc00000, 0x0000000100000000)
  eden space 18432K, 100% used [0x00000000eab00000,0x00000000ebd00000,0x00000000ebd00000)
  from space 2560K, 97% used [0x00000000ebd00000,0x00000000ebf70000,0x00000000ebf80000)
  to   space 5120K, 0% used [0x00000000ec700000,0x00000000ec700000,0x00000000ecc00000)
 ParOldGen       total 619008K, used 618823K [0x00000000c0000000, 0x00000000e5c80000, 0x00000000eab00000)
  object space 619008K, 99% used [0x00000000c0000000,0x00000000e5c51d08,0x00000000e5c80000)
 Metaspace       used 71652K, committed 73280K, reserved 1114112K
  class space    used 7630K, committed 8320K, reserved 1048576K
}
Event: 77.724 GC heap after
{Heap after GC invocations=311 (full 6):
 PSYoungGen      total 30208K, used 2976K [0x00000000eab00000, 0x00000000ecc00000, 0x0000000100000000)
  eden space 25088K, 0% used [0x00000000eab00000,0x00000000eab00000,0x00000000ec380000)
  from space 5120K, 58% used [0x00000000ec700000,0x00000000ec9e8000,0x00000000ecc00000)
  to   space 3584K, 0% used [0x00000000ec380000,0x00000000ec380000,0x00000000ec700000)
 ParOldGen       total 621056K, used 620967K [0x00000000c0000000, 0x00000000e5e80000, 0x00000000eab00000)
  object space 621056K, 99% used [0x00000000c0000000,0x00000000e5e69d08,0x00000000e5e80000)
 Metaspace       used 71652K, committed 73280K, reserved 1114112K
  class space    used 7630K, committed 8320K, reserved 1048576K
}
Event: 78.172 GC heap before
{Heap before GC invocations=312 (full 6):
 PSYoungGen      total 30208K, used 28064K [0x00000000eab00000, 0x00000000ecc00000, 0x0000000100000000)
  eden space 25088K, 100% used [0x00000000eab00000,0x00000000ec380000,0x00000000ec380000)
  from space 5120K, 58% used [0x00000000ec700000,0x00000000ec9e8000,0x00000000ecc00000)
  to   space 3584K, 0% used [0x00000000ec380000,0x00000000ec380000,0x00000000ec700000)
 ParOldGen       total 621056K, used 620967K [0x00000000c0000000, 0x00000000e5e80000, 0x00000000eab00000)
  object space 621056K, 99% used [0x00000000c0000000,0x00000000e5e69d08,0x00000000e5e80000)
 Metaspace       used 71671K, committed 73280K, reserved 1114112K
  class space    used 7631K, committed 8320K, reserved 1048576K
}
Event: 78.185 GC heap after
{Heap after GC invocations=312 (full 6):
 PSYoungGen      total 28160K, used 3576K [0x00000000eab00000, 0x00000000ed300000, 0x0000000100000000)
  eden space 24576K, 0% used [0x00000000eab00000,0x00000000eab00000,0x00000000ec300000)
  from space 3584K, 99% used [0x00000000ec380000,0x00000000ec6fe010,0x00000000ec700000)
  to   space 8192K, 0% used [0x00000000ecb00000,0x00000000ecb00000,0x00000000ed300000)
 ParOldGen       total 624640K, used 624507K [0x00000000c0000000, 0x00000000e6200000, 0x00000000eab00000)
  object space 624640K, 99% used [0x00000000c0000000,0x00000000e61def10,0x00000000e6200000)
 Metaspace       used 71671K, committed 73280K, reserved 1114112K
  class space    used 7631K, committed 8320K, reserved 1048576K
}

